<?xml version="1.0" encoding="UTF-8"?>
<testng-results skipped="0" failed="0" ignored="0" total="2" passed="2">
  <reporter-output>
  </reporter-output>
  <suite name="WebDriver" duration-ms="12701" started-at="2019-07-31T07:19:40Z" finished-at="2019-07-31T07:19:53Z">
    <groups>
    </groups>
    <test name="Test" duration-ms="12701" started-at="2019-07-31T07:19:40Z" finished-at="2019-07-31T07:19:53Z">
      <class name="TestNG.NewTest">
        <test-method status="PASS" signature="verifyTitle()[pri:0, instance:TestNG.NewTest@ea4a92b]" name="verifyTitle" duration-ms="6798" started-at="2019-07-31T07:19:40Z" finished-at="2019-07-31T07:19:47Z">
          <reporter-output>
          </reporter-output>
        </test-method> <!-- verifyTitle -->
        <test-method status="PASS" signature="verifyUrl()[pri:0, instance:TestNG.NewTest@ea4a92b]" name="verifyUrl" duration-ms="5860" started-at="2019-07-31T07:19:47Z" finished-at="2019-07-31T07:19:53Z">
          <reporter-output>
          </reporter-output>
        </test-method> <!-- verifyUrl -->
      </class> <!-- TestNG.NewTest -->
    </test> <!-- Test -->
  </suite> <!-- WebDriver -->
</testng-results>
